# JRE version: Java(TM) SE Runtime Environment (17.0.5+9) (build 17.0.5+9-LTS-191)
# Java VM: Java HotSpot(TM) 64-Bit Server VM (17.0.5+9-LTS-191, mixed mode, sharing, tiered, compressed oops, compressed class ptrs, g1 gc, windows-amd64)
GC Precious Log:
 CPUs: 16 total, 16 available
 Memory: 15733M
 Large Page Support: Disabled
 NUMA Support: Disabled
 Compressed Oops: Enabled (32-bit)
 Heap Region Size: 1M
 Heap Min Capacity: 8M
 Heap Initial Capacity: 246M
 Heap Max Capacity: 2G
 Pre-touch: Disabled
 Parallel Workers: 13
 Concurrent Workers: 3
 Concurrent Refinement Workers: 13
 Periodic GC: Disabled
Heap:
 garbage-first heap   total 148480K, used 82745K [0x0000000080000000, 0x0000000100000000)
  region size 1024K, 17 young (17408K), 5 survivors (5120K)
 Metaspace       used 66561K, committed 67264K, reserved 487424K
  class space    used 9407K, committed 9728K, reserved 421888K
GC Heap History (20 events):
Event: 31.479 GC heap before
{Heap before GC invocations=16 (full 0):
 garbage-first heap   total 81920K, used 60443K [0x0000000080000000, 0x0000000100000000)
  region size 1024K, 20 young (20480K), 2 survivors (2048K)
 Metaspace       used 48315K, committed 48960K, reserved 471040K
  class space    used 6820K, committed 7104K, reserved 421888K
}
Event: 31.482 GC heap after
{Heap after GC invocations=17 (full 0):
 garbage-first heap   total 98304K, used 42988K [0x0000000080000000, 0x0000000100000000)
  region size 1024K, 3 young (3072K), 3 survivors (3072K)
 Metaspace       used 48315K, committed 48960K, reserved 471040K
  class space    used 6820K, committed 7104K, reserved 421888K
}
Event: 31.531 GC heap before
{Heap before GC invocations=17 (full 0):
 garbage-first heap   total 98304K, used 47084K [0x0000000080000000, 0x0000000100000000)
  region size 1024K, 7 young (7168K), 3 survivors (3072K)
 Metaspace       used 48383K, committed 48960K, reserved 471040K
  class space    used 6820K, committed 7104K, reserved 421888K
}
Event: 31.533 GC heap after
{Heap after GC invocations=18 (full 0):
 garbage-first heap   total 98304K, used 46213K [0x0000000080000000, 0x0000000100000000)
  region size 1024K, 2 young (2048K), 2 survivors (2048K)
 Metaspace       used 48383K, committed 48960K, reserved 471040K
  class space    used 6820K, committed 7104K, reserved 421888K
}
Event: 31.992 GC heap before
{Heap before GC invocations=19 (full 0):
 garbage-first heap   total 98304K, used 69765K [0x0000000080000000, 0x0000000100000000)
  region size 1024K, 24 young (24576K), 2 survivors (2048K)
 Metaspace       used 50888K, committed 51520K, reserved 471040K
  class space    used 7173K, committed 7488K, reserved 421888K
}
Event: 31.994 GC heap after
{Heap after GC invocations=20 (full 0):
 garbage-first heap   total 98304K, used 49655K [0x0000000080000000, 0x0000000100000000)
  region size 1024K, 3 young (3072K), 3 survivors (3072K)
 Metaspace       used 50888K, committed 51520K, reserved 471040K
  class space    used 7173K, committed 7488K, reserved 421888K
}
Event: 32.385 GC heap before
{Heap before GC invocations=21 (full 0):
 garbage-first heap   total 101376K, used 81399K [0x0000000080000000, 0x0000000100000000)
  region size 1024K, 26 young (26624K), 3 survivors (3072K)
 Metaspace       used 52726K, committed 53376K, reserved 471040K
  class space    used 7438K, committed 7744K, reserved 421888K
}
Event: 32.387 GC heap after
{Heap after GC invocations=22 (full 0):
 garbage-first heap   total 101376K, used 59614K [0x0000000080000000, 0x0000000100000000)
  region size 1024K, 4 young (4096K), 4 survivors (4096K)
 Metaspace       used 52726K, committed 53376K, reserved 471040K
  class space    used 7438K, committed 7744K, reserved 421888K
}
Event: 32.402 GC heap before
{Heap before GC invocations=22 (full 0):
 garbage-first heap   total 101376K, used 60638K [0x0000000080000000, 0x0000000100000000)
  region size 1024K, 5 young (5120K), 4 survivors (4096K)
 Metaspace       used 52861K, committed 53504K, reserved 471040K
  class space    used 7455K, committed 7744K, reserved 421888K
}
Event: 32.404 GC heap after
{Heap after GC invocations=23 (full 0):
 garbage-first heap   total 101376K, used 58959K [0x0000000080000000, 0x0000000100000000)
  region size 1024K, 1 young (1024K), 1 survivors (1024K)
 Metaspace       used 52861K, committed 53504K, reserved 471040K
  class space    used 7455K, committed 7744K, reserved 421888K
}
Event: 32.610 GC heap before
{Heap before GC invocations=23 (full 0):
 garbage-first heap   total 101376K, used 80463K [0x0000000080000000, 0x0000000100000000)
  region size 1024K, 22 young (22528K), 1 survivors (1024K)
 Metaspace       used 55431K, committed 56064K, reserved 471040K
  class space    used 7779K, committed 8064K, reserved 421888K
}
Event: 32.613 GC heap after
{Heap after GC invocations=24 (full 0):
 garbage-first heap   total 101376K, used 59601K [0x0000000080000000, 0x0000000100000000)
  region size 1024K, 1 young (1024K), 1 survivors (1024K)
 Metaspace       used 55431K, committed 56064K, reserved 471040K
  class space    used 7779K, committed 8064K, reserved 421888K
}
Event: 32.940 GC heap before
{Heap before GC invocations=25 (full 0):
 garbage-first heap   total 104448K, used 81105K [0x0000000080000000, 0x0000000100000000)
  region size 1024K, 22 young (22528K), 1 survivors (1024K)
 Metaspace       used 57333K, committed 57984K, reserved 479232K
  class space    used 8087K, committed 8384K, reserved 421888K
}
Event: 32.942 GC heap after
{Heap after GC invocations=26 (full 0):
 garbage-first heap   total 148480K, used 61055K [0x0000000080000000, 0x0000000100000000)
  region size 1024K, 3 young (3072K), 3 survivors (3072K)
 Metaspace       used 57333K, committed 57984K, reserved 479232K
  class space    used 8087K, committed 8384K, reserved 421888K
}
Event: 33.527 GC heap before
{Heap before GC invocations=26 (full 0):
 garbage-first heap   total 148480K, used 107135K [0x0000000080000000, 0x0000000100000000)
  region size 1024K, 48 young (49152K), 3 survivors (3072K)
 Metaspace       used 60708K, committed 61376K, reserved 479232K
  class space    used 8578K, committed 8896K, reserved 421888K
}
Event: 33.530 GC heap after
{Heap after GC invocations=27 (full 0):
 garbage-first heap   total 148480K, used 62369K [0x0000000080000000, 0x0000000100000000)
  region size 1024K, 4 young (4096K), 4 survivors (4096K)
 Metaspace       used 60708K, committed 61376K, reserved 479232K
  class space    used 8578K, committed 8896K, reserved 421888K
}
Event: 34.217 GC heap before
{Heap before GC invocations=27 (full 0):
 garbage-first heap   total 148480K, used 109473K [0x0000000080000000, 0x0000000100000000)
  region size 1024K, 51 young (52224K), 4 survivors (4096K)
 Metaspace       used 63054K, committed 63680K, reserved 479232K
  class space    used 8912K, committed 9216K, reserved 421888K
}
Event: 34.221 GC heap after
{Heap after GC invocations=28 (full 0):
 garbage-first heap   total 148480K, used 67204K [0x0000000080000000, 0x0000000100000000)
  region size 1024K, 7 young (7168K), 7 survivors (7168K)
 Metaspace       used 63054K, committed 63680K, reserved 479232K
  class space    used 8912K, committed 9216K, reserved 421888K
}
Event: 35.893 GC heap before
{Heap before GC invocations=28 (full 0):
 garbage-first heap   total 148480K, used 112260K [0x0000000080000000, 0x0000000100000000)
  region size 1024K, 51 young (52224K), 7 survivors (7168K)
 Metaspace       used 65758K, committed 66432K, reserved 479232K
  class space    used 9284K, committed 9600K, reserved 421888K
}
Event: 35.899 GC heap after
{Heap after GC invocations=29 (full 0):
 garbage-first heap   total 148480K, used 71481K [0x0000000080000000, 0x0000000100000000)
  region size 1024K, 5 young (5120K), 5 survivors (5120K)
 Metaspace       used 65758K, committed 66432K, reserved 479232K
  class space    used 9284K, committed 9600K, reserved 421888K
}

